<?xml version="1.0" encoding="UTF-8"?>
<!-- Generated by org.testng.reporters.JUnitXMLReporter -->
<testsuite ignored="0" hostname="DESKTOP-UGDET12" failures="0" tests="4" name="Test" time="8.206" errors="0" timestamp="2024-08-23T23:48:02 IST">
  <testcase classname="api.testcases.UserTestCase" name="CreateUser" time="2.258"/>
  <testcase classname="api.testcases.UserTestCase" name="getUserData" time="1.055"/>
  <testcase classname="api.testcases.UserTestCase" name="UpdateUserData" time="3.078"/>
  <testcase classname="api.testcases.UserTestCase" name="DeleteUserData" time="1.011"/>
</testsuite> <!-- Test -->
